[debug] [2024-11-26T14:48:52.599Z] ----------------------------------------------------------------------
[debug] [2024-11-26T14:48:52.601Z] Command:       C:\Program Files\nodejs\node.exe C:\Users\User\AppData\Roaming\npm\node_modules\firebase-tools\lib\bin\firebase.js init hosting
[debug] [2024-11-26T14:48:52.601Z] CLI Version:   13.27.0
[debug] [2024-11-26T14:48:52.601Z] Platform:      win32
[debug] [2024-11-26T14:48:52.601Z] Node Version:  v22.11.0
[debug] [2024-11-26T14:48:52.602Z] Time:          Tue Nov 26 2024 20:18:52 GMT+0530 (India Standard Time)
[debug] [2024-11-26T14:48:52.602Z] ----------------------------------------------------------------------
[debug] 
[debug] [2024-11-26T14:48:52.607Z] > command requires scopes: ["email","openid","https://www.googleapis.com/auth/cloudplatformprojects.readonly","https://www.googleapis.com/auth/firebase","https://www.googleapis.com/auth/cloud-platform"]
[debug] [2024-11-26T14:48:52.608Z] > authorizing via signed-in user (jijorajan55@gmail.com)
[info] 
     ######## #### ########  ######## ########     ###     ######  ########
     ##        ##  ##     ## ##       ##     ##  ##   ##  ##       ##
     ######    ##  ########  ######   ########  #########  ######  ######
     ##        ##  ##    ##  ##       ##     ## ##     ##       ## ##
     ##       #### ##     ## ######## ########  ##     ##  ######  ########

You're about to initialize a Firebase project in this directory:

  D:\projects\Hospital Management\hospital-management-frontend

[info] 
=== Project Setup
[info] 
[info] First, let's associate this project directory with a Firebase project.
[info] You can create multiple project aliases by running firebase use --add, 
[info] but for now we'll just set up a default project.
[info] 
[debug] [2024-11-26T14:49:01.832Z] Checked if tokens are valid: false, expires at: 1732348856718
[debug] [2024-11-26T14:49:01.832Z] Checked if tokens are valid: false, expires at: 1732348856718
[debug] [2024-11-26T14:49:01.833Z] > refreshing access token with scopes: []
[debug] [2024-11-26T14:49:01.834Z] >>> [apiv2][query] POST https://www.googleapis.com/oauth2/v3/token [none]
[debug] [2024-11-26T14:49:01.834Z] >>> [apiv2][body] POST https://www.googleapis.com/oauth2/v3/token [omitted]
[debug] [2024-11-26T14:49:02.079Z] <<< [apiv2][status] POST https://www.googleapis.com/oauth2/v3/token 200
[debug] [2024-11-26T14:49:02.079Z] <<< [apiv2][body] POST https://www.googleapis.com/oauth2/v3/token [omitted]
[debug] [2024-11-26T14:49:02.084Z] >>> [apiv2][query] GET https://firebase.googleapis.com/v1beta1/projects pageSize=100
[debug] [2024-11-26T14:49:02.998Z] <<< [apiv2][status] GET https://firebase.googleapis.com/v1beta1/projects 200
[debug] [2024-11-26T14:49:02.998Z] <<< [apiv2][body] GET https://firebase.googleapis.com/v1beta1/projects [omitted]
[info] i  Using project notekeeper-application-20a9a (Notekeeper application) 
[info] 
=== Hosting Setup
[debug] [2024-11-26T14:49:10.158Z] Checked if tokens are valid: true, expires at: 1732636141079
[debug] [2024-11-26T14:49:10.158Z] Checked if tokens are valid: true, expires at: 1732636141079
[debug] [2024-11-26T14:49:10.158Z] >>> [apiv2][query] GET https://firebase.googleapis.com/v1beta1/projects/notekeeper-application-20a9a [none]
[debug] [2024-11-26T14:49:10.816Z] <<< [apiv2][status] GET https://firebase.googleapis.com/v1beta1/projects/notekeeper-application-20a9a 200
[debug] [2024-11-26T14:49:10.816Z] <<< [apiv2][body] GET https://firebase.googleapis.com/v1beta1/projects/notekeeper-application-20a9a {"projectId":"notekeeper-application-20a9a","projectNumber":"964904522355","displayName":"Notekeeper application","name":"projects/notekeeper-application-20a9a","resources":{"hostingSite":"notekeeper-application-20a9a"},"state":"ACTIVE","etag":"1_dc158816-9183-4141-8aab-dd1a7860f4c8"}
[info] 
[info] Your public directory is the folder (relative to your project directory) that
[info] will contain Hosting assets to be uploaded with firebase deploy. If you
[info] have a build process for your assets, use your build's output directory.
[info] 
